<?xml version="1.0" encoding="UTF-8"?>
<!-- Generated by org.testng.reporters.JUnitXMLReporter -->
<testsuite ignored="1" hostname="LAPTOP-2A7KCU0G" failures="1" tests="2" name="Error Validation Tests" time="10.386" errors="0" timestamp="2024-10-11T15:51:05 IST">
  <testcase classname="SeleniumFrameworkDesignRevision.SeleniumFrameworkDesignRevision.Tests.ErrorValidations" name="loginErrorValidation" time="0.71">
    <skipped/>
  </testcase> <!-- loginErrorValidation -->
  <testcase classname="SeleniumFrameworkDesignRevision.SeleniumFrameworkDesignRevision.Tests.ErrorValidations" name="loginErrorValidation" time="1.385">
    <failure type="java.lang.AssertionError" message="expected [Incorrect email or password.] but found [Incorrect email  password.]">
      <![CDATA[java.lang.AssertionError: expected [Incorrect email or password.] but found [Incorrect email  password.]
at SeleniumFrameworkDesignRevision.SeleniumFrameworkDesignRevision.Tests.ErrorValidations.loginErrorValidation(ErrorValidations.java:39)
at java.base/java.util.ArrayList.forEach(ArrayList.java:1596)
at java.base/java.util.concurrent.FutureTask.run(FutureTask.java:317)
at java.base/java.util.concurrent.ThreadPoolExecutor.runWorker(ThreadPoolExecutor.java:1144)
at java.base/java.util.concurrent.ThreadPoolExecutor$Worker.run(ThreadPoolExecutor.java:642)
at java.base/java.lang.Thread.run(Thread.java:1583)
... Removed 22 stack frames]]>
    </failure>
  </testcase> <!-- loginErrorValidation -->
  <testcase classname="SeleniumFrameworkDesignRevision.SeleniumFrameworkDesignRevision.Tests.ErrorValidations" name="productErrorValidation" time="0.0">
    <ignored/>
  </testcase> <!-- productErrorValidation -->
</testsuite> <!-- Error Validation Tests -->
